0 verbose cli /usr/local/bin/node /usr/local/lib/node_modules/npm/bin/npm-cli.js
1 info using npm@10.5.0
2 info using node@v20.12.2
3 timing npm:load:whichnode Completed in 1ms
4 timing config:load:defaults Completed in 1ms
5 timing config:load:file:/usr/local/lib/node_modules/npm/npmrc Completed in 12ms
6 timing config:load:builtin Completed in 13ms
7 timing config:load:cli Completed in 2ms
8 timing config:load:env Completed in 0ms
9 timing config:load:project Completed in 638ms
10 timing config:load:file:/app/.npmrc Completed in 0ms
11 timing config:load:user Completed in 0ms
12 timing config:load:file:/usr/local/etc/npmrc Completed in 0ms
13 timing config:load:global Completed in 0ms
14 timing config:load:setEnvs Completed in 1ms
15 timing config:load Completed in 656ms
16 timing npm:load:configload Completed in 656ms
17 timing config:load:flatten Completed in 1ms
18 timing npm:load:mkdirpcache Completed in 160ms
19 timing npm:load:mkdirplogs Completed in 1ms
20 verbose title npm exec create-next-app@latest temp-app --typescript
21 verbose argv "exec" "--" "create-next-app@latest" "temp-app" "--typescript"
22 timing npm:load:setTitle Completed in 0ms
23 timing npm:load:display Completed in 1ms
24 verbose logfile logs-max:10 dir:/app/.npm/_logs/2024-04-22T06_07_43_987Z-
25 verbose logfile /app/.npm/_logs/2024-04-22T06_07_43_987Z-debug-0.log
26 timing npm:load:logFile Completed in 7ms
27 timing npm:load:timers Completed in 0ms
28 timing npm:load:configScope Completed in 0ms
29 timing npm:load Completed in 833ms
30 silly logfile done cleaning log files
31 timing arborist:ctor Completed in 1ms
32 http fetch GET 200 https://registry.npmjs.org/npm 121ms
33 http fetch GET 200 https://registry.npmjs.org/create-next-app 176ms (cache miss)
34 timing arborist:ctor Completed in 0ms
35 timing arborist:ctor Completed in 0ms
36 timing arborist:ctor Completed in 0ms
37 timing idealTree:init Completed in 8ms
38 timing idealTree:userRequests Completed in 2ms
39 silly idealTree buildDeps
40 silly fetch manifest create-next-app@14.2.2
41 http fetch GET 200 https://registry.npmjs.org/create-next-app 239ms (cache miss)
42 silly placeDep ROOT create-next-app@14.2.2 OK for:  want: 14.2.2
43 timing idealTree:#root Completed in 310ms
44 timing idealTree:node_modules/create-next-app Completed in 0ms
45 timing idealTree:buildDeps Completed in 312ms
46 timing idealTree:fixDepFlags Completed in 0ms
47 timing idealTree Completed in 325ms
48 timing reify:loadTrees Completed in 325ms
49 timing reify:diffTrees Completed in 1ms
50 silly reify moves {}
51 timing reify:retireShallow Completed in 2ms
52 timing reify:createSparse Completed in 12ms
53 timing reify:loadBundles Completed in 0ms
54 silly audit bulk request { 'create-next-app': [ '14.2.2' ] }
55 silly tarball no local data for create-next-app@https://registry.npmjs.org/create-next-app/-/create-next-app-14.2.2.tgz. Extracting by manifest.
56 http fetch GET 200 https://registry.npmjs.org/create-next-app/-/create-next-app-14.2.2.tgz 117ms (cache miss)
57 timing reifyNode:node_modules/create-next-app Completed in 123ms
58 timing reify:unpack Completed in 124ms
59 timing reify:unretire Completed in 0ms
60 timing build:queue Completed in 0ms
61 timing build:link:node_modules/create-next-app Completed in 2ms
62 timing build:link Completed in 2ms
63 timing build:deps Completed in 2ms
64 timing build Completed in 2ms
65 timing reify:build Completed in 2ms
66 timing reify:trash Completed in 0ms
67 timing reify:save Completed in 3ms
68 http fetch POST 200 https://registry.npmjs.org/-/npm/v1/security/advisories/bulk 137ms
69 timing auditReport:getReport Completed in 138ms
70 silly audit report {}
71 timing auditReport:init Completed in 0ms
72 timing reify:audit Completed in 138ms
73 timing reify Completed in 482ms
74 timing command:exec Completed in 38995ms
75 notice
75 notice New [32mpatch[39m version of npm available! [31m10.5.0[39m -> [32m10.5.2[39m
75 notice Changelog: [36mhttps://github.com/npm/cli/releases/tag/v10.5.2[39m
75 notice Run [32mnpm install -g npm@10.5.2[39m to update!
75 notice
76 verbose exit 0
77 timing npm Completed in 39928ms
78 info ok
